luo_king_client/app/build/intermediates/manifest_merge_blame_file/debug/manifest-merger-blame-debug-report.txt
1<?xml version="1.0" encoding="utf-8"?>
2<manifest xmlns:android="http://schemas.android.com/apk/res/android"
3    package="com.luoking.agent"
4    android:versionCode="1"
5    android:versionName="1.0.0" >
6
7    <uses-sdk
8        android:minSdkVersion="26"
9        android:targetSdkVersion="34" />
10
11    <uses-permission android:name="android.permission.INTERNET" />
11-->src/main/AndroidManifest.xml:5:5-67
11-->src/main/AndroidManifest.xml:5:22-64
12    <uses-permission android:name="android.permission.ACCESS_NETWORK_STATE" />
12-->src/main/AndroidManifest.xml:6:5-79
12-->src/main/AndroidManifest.xml:6:22-76
13    <uses-permission android:name="android.permission.BIND_ACCESSIBILITY_SERVICE" />
13-->src/main/AndroidManifest.xml:7:5-85
13-->src/main/AndroidManifest.xml:7:22-82
14    <uses-permission android:name="android.permission.FOREGROUND_SERVICE" />
14-->src/main/AndroidManifest.xml:8:5-77
14-->src/main/AndroidManifest.xml:8:22-74
15    <uses-permission android:name="android.permission.FOREGROUND_SERVICE_MEDIA_PROJECTION" />
15-->src/main/AndroidManifest.xml:9:5-94
15-->src/main/AndroidManifest.xml:9:22-91
16    <uses-permission android:name="android.permission.SYSTEM_ALERT_WINDOW" />
16-->src/main/AndroidManifest.xml:10:5-78
16-->src/main/AndroidManifest.xml:10:22-75
17
18    <permission
18-->[androidx.core:core:1.12.0] AndroidManifest.xml:22:5-24:47
19        android:name="com.luoking.agent.DYNAMIC_RECEIVER_NOT_EXPORTED_PERMISSION"
19-->[androidx.core:core:1.12.0] AndroidManifest.xml:23:9-81
20        android:protectionLevel="signature" />
20-->[androidx.core:core:1.12.0] AndroidManifest.xml:24:9-44
21
22    <uses-permission android:name="com.luoking.agent.DYNAMIC_RECEIVER_NOT_EXPORTED_PERMISSION" />
22-->[androidx.core:core:1.12.0] AndroidManifest.xml:26:5-97
22-->[androidx.core:core:1.12.0] AndroidManifest.xml:26:22-94
23
24    <application
24-->src/main/AndroidManifest.xml:12:5-49:19
25        android:name="com.luoking.agent.MainApplication"
25-->src/main/AndroidManifest.xml:13:9-40
26        android:allowBackup="true"
26-->src/main/AndroidManifest.xml:14:9-35
27        android:appComponentFactory="androidx.core.app.CoreComponentFactory"
27-->[androidx.core:core:1.12.0] AndroidManifest.xml:28:18-86
28        android:debuggable="true"
29        android:extractNativeLibs="false"
30        android:icon="@mipmap/ic_launcher"
30-->src/main/AndroidManifest.xml:15:9-43
31        android:label="@string/app_name"
31-->src/main/AndroidManifest.xml:16:9-41
32        android:supportsRtl="true"
32-->src/main/AndroidManifest.xml:17:9-35
33        android:theme="@style/Theme.LuoKingAgent" >
33-->src/main/AndroidManifest.xml:18:9-50
34        <activity
34-->src/main/AndroidManifest.xml:20:9-28:20
35            android:name="com.luoking.agent.MainActivity"
35-->src/main/AndroidManifest.xml:21:13-41
36            android:exported="true"
36-->src/main/AndroidManifest.xml:22:13-36
37            android:label="@string/app_name" >
37-->src/main/AndroidManifest.xml:23:13-45
38            <intent-filter>
38-->src/main/AndroidManifest.xml:24:13-27:29
39                <action android:name="android.intent.action.MAIN" />
39-->src/main/AndroidManifest.xml:25:17-69
39-->src/main/AndroidManifest.xml:25:25-66
40
41                <category android:name="android.intent.category.LAUNCHER" />
41-->src/main/AndroidManifest.xml:26:17-77
41-->src/main/AndroidManifest.xml:26:27-74
42            </intent-filter>
43        </activity>
44
45        <!-- 无障碍输入服务：只负责点击/滑动/返回 -->
46        <service
46-->src/main/AndroidManifest.xml:31:9-41:19
47            android:name="com.luoking.agent.AccessibilityInputService"
47-->src/main/AndroidManifest.xml:32:13-54
48            android:exported="true"
48-->src/main/AndroidManifest.xml:33:13-36
49            android:permission="android.permission.BIND_ACCESSIBILITY_SERVICE" >
49-->src/main/AndroidManifest.xml:34:13-79
50            <intent-filter>
50-->src/main/AndroidManifest.xml:35:13-37:29
51                <action android:name="android.accessibilityservice.AccessibilityService" />
51-->src/main/AndroidManifest.xml:36:17-92
51-->src/main/AndroidManifest.xml:36:25-89
52            </intent-filter>
53
54            <meta-data
54-->src/main/AndroidManifest.xml:38:13-40:72
55                android:name="android.accessibilityservice"
55-->src/main/AndroidManifest.xml:39:17-60
56                android:resource="@xml/accessibility_service_config" />
56-->src/main/AndroidManifest.xml:40:17-69
57        </service>
58
59        <!-- 屏幕捕获服务：只负责截图，前台服务 -->
60        <service
60-->src/main/AndroidManifest.xml:44:9-47:40
61            android:name="com.luoking.agent.ScreenCaptureService"
61-->src/main/AndroidManifest.xml:45:13-49
62            android:exported="false"
62-->src/main/AndroidManifest.xml:47:13-37
63            android:foregroundServiceType="mediaProjection" />
63-->src/main/AndroidManifest.xml:46:13-60
64
65        <provider
65-->[androidx.emoji2:emoji2:1.2.0] AndroidManifest.xml:24:9-32:20
66            android:name="androidx.startup.InitializationProvider"
66-->[androidx.emoji2:emoji2:1.2.0] AndroidManifest.xml:25:13-67
67            android:authorities="com.luoking.agent.androidx-startup"
67-->[androidx.emoji2:emoji2:1.2.0] AndroidManifest.xml:26:13-68
68            android:exported="false" >
68-->[androidx.emoji2:emoji2:1.2.0] AndroidManifest.xml:27:13-37
69            <meta-data
69-->[androidx.emoji2:emoji2:1.2.0] AndroidManifest.xml:29:13-31:52
70                android:name="androidx.emoji2.text.EmojiCompatInitializer"
70-->[androidx.emoji2:emoji2:1.2.0] AndroidManifest.xml:30:17-75
71                android:value="androidx.startup" />
71-->[androidx.emoji2:emoji2:1.2.0] AndroidManifest.xml:31:17-49
72            <meta-data
72-->[androidx.lifecycle:lifecycle-process:2.4.1] AndroidManifest.xml:31:13-33:52
73                android:name="androidx.lifecycle.ProcessLifecycleInitializer"
73-->[androidx.lifecycle:lifecycle-process:2.4.1] AndroidManifest.xml:32:17-78
74                android:value="androidx.startup" />
74-->[androidx.lifecycle:lifecycle-process:2.4.1] AndroidManifest.xml:33:17-49
75        </provider>
76    </application>
77
78</manifest>